[2016-06-22 11:13:07.921] [ERROR] app - 服务器错误: [ReferenceError: item is not defined]
ReferenceError: item is not defined
    at /Users/mac/Desktop/back_service/routes/page.js:30:24
    at Layer.handle [as handle_request] (/Users/mac/Desktop/back_service/node_modules/express/lib/router/layer.js:95:5)
    at next (/Users/mac/Desktop/back_service/node_modules/express/lib/router/route.js:131:13)
    at Route.dispatch (/Users/mac/Desktop/back_service/node_modules/express/lib/router/route.js:112:3)
    at Layer.handle [as handle_request] (/Users/mac/Desktop/back_service/node_modules/express/lib/router/layer.js:95:5)
    at /Users/mac/Desktop/back_service/node_modules/express/lib/router/index.js:277:22
    at Function.process_params (/Users/mac/Desktop/back_service/node_modules/express/lib/router/index.js:330:12)
    at next (/Users/mac/Desktop/back_service/node_modules/express/lib/router/index.js:271:10)
    at Function.handle (/Users/mac/Desktop/back_service/node_modules/express/lib/router/index.js:176:3)
    at router (/Users/mac/Desktop/back_service/node_modules/express/lib/router/index.js:46:12)
[2016-06-22 11:13:08.285] [ERROR] http - ::ffff:192.168.1.107 - - "GET /page/common/user HTTP/1.1" 500 1720 "" "Mozilla/5.0 (Macintosh; Intel Mac OS X 10_11_5) AppleWebKit/537.36 (KHTML, like Gecko) Chrome/50.0.2661.102 Safari/537.36"
[2016-06-22 11:22:54.286] [ERROR] app - 服务器错误: { [Error: Failed to lookup view "common/task" in views directory "/Users/mac/Desktop/back_service/public/dev/html"]
  view: 
   View {
     defaultEngine: 'jade',
     ext: '.jade',
     name: 'common/task',
     root: '/Users/mac/Desktop/back_service/public/dev/html',
     engine: [Function],
     path: undefined } }
Error: Failed to lookup view "common/task" in views directory "/Users/mac/Desktop/back_service/public/dev/html"
    at EventEmitter.render (/Users/mac/Desktop/back_service/node_modules/express/lib/application.js:579:17)
    at ServerResponse.render (/Users/mac/Desktop/back_service/node_modules/express/lib/response.js:961:7)
    at /Users/mac/Desktop/back_service/routes/page.js:32:17
    at Layer.handle [as handle_request] (/Users/mac/Desktop/back_service/node_modules/express/lib/router/layer.js:95:5)
    at next (/Users/mac/Desktop/back_service/node_modules/express/lib/router/route.js:131:13)
    at Route.dispatch (/Users/mac/Desktop/back_service/node_modules/express/lib/router/route.js:112:3)
    at Layer.handle [as handle_request] (/Users/mac/Desktop/back_service/node_modules/express/lib/router/layer.js:95:5)
    at /Users/mac/Desktop/back_service/node_modules/express/lib/router/index.js:277:22
    at Function.process_params (/Users/mac/Desktop/back_service/node_modules/express/lib/router/index.js:330:12)
    at next (/Users/mac/Desktop/back_service/node_modules/express/lib/router/index.js:271:10)
[2016-06-22 11:22:54.324] [ERROR] http - ::ffff:192.168.1.107 - - "GET /page/task HTTP/1.1" 500 1720 "http://192.168.1.107:9211/page/adver" "Mozilla/5.0 (Macintosh; Intel Mac OS X 10_11_5) AppleWebKit/537.36 (KHTML, like Gecko) Chrome/50.0.2661.102 Safari/537.36"
[2016-06-22 11:22:59.754] [ERROR] app - 服务器错误: { [Error: Failed to lookup view "common/task" in views directory "/Users/mac/Desktop/back_service/public/dev/html"]
  view: 
   View {
     defaultEngine: 'jade',
     ext: '.jade',
     name: 'common/task',
     root: '/Users/mac/Desktop/back_service/public/dev/html',
     engine: [Function],
     path: undefined } }
Error: Failed to lookup view "common/task" in views directory "/Users/mac/Desktop/back_service/public/dev/html"
    at EventEmitter.render (/Users/mac/Desktop/back_service/node_modules/express/lib/application.js:579:17)
    at ServerResponse.render (/Users/mac/Desktop/back_service/node_modules/express/lib/response.js:961:7)
    at /Users/mac/Desktop/back_service/routes/page.js:32:17
    at Layer.handle [as handle_request] (/Users/mac/Desktop/back_service/node_modules/express/lib/router/layer.js:95:5)
    at next (/Users/mac/Desktop/back_service/node_modules/express/lib/router/route.js:131:13)
    at Route.dispatch (/Users/mac/Desktop/back_service/node_modules/express/lib/router/route.js:112:3)
    at Layer.handle [as handle_request] (/Users/mac/Desktop/back_service/node_modules/express/lib/router/layer.js:95:5)
    at /Users/mac/Desktop/back_service/node_modules/express/lib/router/index.js:277:22
    at Function.process_params (/Users/mac/Desktop/back_service/node_modules/express/lib/router/index.js:330:12)
    at next (/Users/mac/Desktop/back_service/node_modules/express/lib/router/index.js:271:10)
[2016-06-22 11:22:59.778] [ERROR] http - ::ffff:192.168.1.107 - - "GET /page/task HTTP/1.1" 500 1720 "http://192.168.1.107:9211/page/adver" "Mozilla/5.0 (Macintosh; Intel Mac OS X 10_11_5) AppleWebKit/537.36 (KHTML, like Gecko) Chrome/50.0.2661.102 Safari/537.36"
[2016-06-22 11:23:14.290] [ERROR] app - 服务器错误: { [Error: Failed to lookup view "common/task" in views directory "/Users/mac/Desktop/back_service/public/dev/html"]
  view: 
   View {
     defaultEngine: 'jade',
     ext: '.jade',
     name: 'common/task',
     root: '/Users/mac/Desktop/back_service/public/dev/html',
     engine: [Function],
     path: undefined } }
Error: Failed to lookup view "common/task" in views directory "/Users/mac/Desktop/back_service/public/dev/html"
    at EventEmitter.render (/Users/mac/Desktop/back_service/node_modules/express/lib/application.js:579:17)
    at ServerResponse.render (/Users/mac/Desktop/back_service/node_modules/express/lib/response.js:961:7)
    at /Users/mac/Desktop/back_service/routes/page.js:32:17
    at Layer.handle [as handle_request] (/Users/mac/Desktop/back_service/node_modules/express/lib/router/layer.js:95:5)
    at next (/Users/mac/Desktop/back_service/node_modules/express/lib/router/route.js:131:13)
    at Route.dispatch (/Users/mac/Desktop/back_service/node_modules/express/lib/router/route.js:112:3)
    at Layer.handle [as handle_request] (/Users/mac/Desktop/back_service/node_modules/express/lib/router/layer.js:95:5)
    at /Users/mac/Desktop/back_service/node_modules/express/lib/router/index.js:277:22
    at Function.process_params (/Users/mac/Desktop/back_service/node_modules/express/lib/router/index.js:330:12)
    at next (/Users/mac/Desktop/back_service/node_modules/express/lib/router/index.js:271:10)
[2016-06-22 11:23:14.315] [ERROR] http - ::ffff:192.168.1.107 - - "GET /page/task HTTP/1.1" 500 1720 "http://192.168.1.107:9211/page/adver" "Mozilla/5.0 (Macintosh; Intel Mac OS X 10_11_5) AppleWebKit/537.36 (KHTML, like Gecko) Chrome/50.0.2661.102 Safari/537.36"
[2016-06-22 11:23:21.576] [ERROR] app - 服务器错误: { [Error: Failed to lookup view "common/task" in views directory "/Users/mac/Desktop/back_service/public/dev/html"]
  view: 
   View {
     defaultEngine: 'jade',
     ext: '.jade',
     name: 'common/task',
     root: '/Users/mac/Desktop/back_service/public/dev/html',
     engine: [Function],
     path: undefined } }
Error: Failed to lookup view "common/task" in views directory "/Users/mac/Desktop/back_service/public/dev/html"
    at EventEmitter.render (/Users/mac/Desktop/back_service/node_modules/express/lib/application.js:579:17)
    at ServerResponse.render (/Users/mac/Desktop/back_service/node_modules/express/lib/response.js:961:7)
    at /Users/mac/Desktop/back_service/routes/page.js:32:17
    at Layer.handle [as handle_request] (/Users/mac/Desktop/back_service/node_modules/express/lib/router/layer.js:95:5)
    at next (/Users/mac/Desktop/back_service/node_modules/express/lib/router/route.js:131:13)
    at Route.dispatch (/Users/mac/Desktop/back_service/node_modules/express/lib/router/route.js:112:3)
    at Layer.handle [as handle_request] (/Users/mac/Desktop/back_service/node_modules/express/lib/router/layer.js:95:5)
    at /Users/mac/Desktop/back_service/node_modules/express/lib/router/index.js:277:22
    at Function.process_params (/Users/mac/Desktop/back_service/node_modules/express/lib/router/index.js:330:12)
    at next (/Users/mac/Desktop/back_service/node_modules/express/lib/router/index.js:271:10)
[2016-06-22 11:23:21.677] [ERROR] http - ::ffff:192.168.1.107 - - "GET /page/task HTTP/1.1" 500 1720 "http://192.168.1.107:9211/page/adver" "Mozilla/5.0 (Macintosh; Intel Mac OS X 10_11_5) AppleWebKit/537.36 (KHTML, like Gecko) Chrome/50.0.2661.102 Safari/537.36"
[2016-06-22 11:23:23.145] [ERROR] app - 服务器错误: { [Error: Failed to lookup view "common/task" in views directory "/Users/mac/Desktop/back_service/public/dev/html"]
  view: 
   View {
     defaultEngine: 'jade',
     ext: '.jade',
     name: 'common/task',
     root: '/Users/mac/Desktop/back_service/public/dev/html',
     engine: [Function],
     path: undefined } }
Error: Failed to lookup view "common/task" in views directory "/Users/mac/Desktop/back_service/public/dev/html"
    at EventEmitter.render (/Users/mac/Desktop/back_service/node_modules/express/lib/application.js:579:17)
    at ServerResponse.render (/Users/mac/Desktop/back_service/node_modules/express/lib/response.js:961:7)
    at /Users/mac/Desktop/back_service/routes/page.js:32:17
    at Layer.handle [as handle_request] (/Users/mac/Desktop/back_service/node_modules/express/lib/router/layer.js:95:5)
    at next (/Users/mac/Desktop/back_service/node_modules/express/lib/router/route.js:131:13)
    at Route.dispatch (/Users/mac/Desktop/back_service/node_modules/express/lib/router/route.js:112:3)
    at Layer.handle [as handle_request] (/Users/mac/Desktop/back_service/node_modules/express/lib/router/layer.js:95:5)
    at /Users/mac/Desktop/back_service/node_modules/express/lib/router/index.js:277:22
    at Function.process_params (/Users/mac/Desktop/back_service/node_modules/express/lib/router/index.js:330:12)
    at next (/Users/mac/Desktop/back_service/node_modules/express/lib/router/index.js:271:10)
[2016-06-22 11:23:23.183] [ERROR] http - ::ffff:192.168.1.107 - - "GET /page/task HTTP/1.1" 500 1720 "http://192.168.1.107:9211/page/adver" "Mozilla/5.0 (Macintosh; Intel Mac OS X 10_11_5) AppleWebKit/537.36 (KHTML, like Gecko) Chrome/50.0.2661.102 Safari/537.36"
[2016-06-22 11:32:36.207] [ERROR] app - 服务器错误: { [Error: Failed to lookup view "report/report/guest_user" in views directory "/Users/mac/Desktop/back_service/public/dev/html"]
  view: 
   View {
     defaultEngine: 'jade',
     ext: '.jade',
     name: 'report/report/guest_user',
     root: '/Users/mac/Desktop/back_service/public/dev/html',
     engine: [Function],
     path: undefined } }
Error: Failed to lookup view "report/report/guest_user" in views directory "/Users/mac/Desktop/back_service/public/dev/html"
    at EventEmitter.render (/Users/mac/Desktop/back_service/node_modules/express/lib/application.js:579:17)
    at ServerResponse.render (/Users/mac/Desktop/back_service/node_modules/express/lib/response.js:961:7)
    at /Users/mac/Desktop/back_service/routes/page.js:40:21
    at Layer.handle [as handle_request] (/Users/mac/Desktop/back_service/node_modules/express/lib/router/layer.js:95:5)
    at next (/Users/mac/Desktop/back_service/node_modules/express/lib/router/route.js:131:13)
    at Route.dispatch (/Users/mac/Desktop/back_service/node_modules/express/lib/router/route.js:112:3)
    at Layer.handle [as handle_request] (/Users/mac/Desktop/back_service/node_modules/express/lib/router/layer.js:95:5)
    at /Users/mac/Desktop/back_service/node_modules/express/lib/router/index.js:277:22
    at Function.process_params (/Users/mac/Desktop/back_service/node_modules/express/lib/router/index.js:330:12)
    at next (/Users/mac/Desktop/back_service/node_modules/express/lib/router/index.js:271:10)
[2016-06-22 11:32:36.238] [ERROR] http - ::ffff:192.168.1.107 - - "GET /page/report/guest_user HTTP/1.1" 500 1720 "http://192.168.1.107:9211/page/task" "Mozilla/5.0 (Macintosh; Intel Mac OS X 10_11_5) AppleWebKit/537.36 (KHTML, like Gecko) Chrome/50.0.2661.102 Safari/537.36"
[2016-06-22 14:38:41.424] [ERROR] 中转请求 - { [Error: getaddrinfo ENOTFOUND http://es2.laizhuan.com http://es2.laizhuan.com:80]
  code: 'ENOTFOUND',
  errno: 'ENOTFOUND',
  syscall: 'getaddrinfo',
  hostname: 'http://es2.laizhuan.com',
  host: 'http://es2.laizhuan.com',
  port: 80 }
Error: getaddrinfo ENOTFOUND http://es2.laizhuan.com http://es2.laizhuan.com:80
    at errnoException (dns.js:27:10)
    at GetAddrInfoReqWrap.onlookup [as oncomplete] (dns.js:78:26)
[2016-06-22 14:40:14.809] [ERROR] 中转请求 - { [Error: getaddrinfo ENOTFOUND http://es2.laizhuan.com http://es2.laizhuan.com:80]
  code: 'ENOTFOUND',
  errno: 'ENOTFOUND',
  syscall: 'getaddrinfo',
  hostname: 'http://es2.laizhuan.com',
  host: 'http://es2.laizhuan.com',
  port: 80 }
Error: getaddrinfo ENOTFOUND http://es2.laizhuan.com http://es2.laizhuan.com:80
    at errnoException (dns.js:27:10)
    at GetAddrInfoReqWrap.onlookup [as oncomplete] (dns.js:78:26)
[2016-06-22 14:52:24.748] [ERROR] 中转请求 - JSON解析失败
[2016-06-22 14:56:36.046] [ERROR] 中转请求 - { [Error: read ECONNRESET] code: 'ECONNRESET', errno: 'ECONNRESET', syscall: 'read' }
Error: read ECONNRESET
    at exports._errnoException (util.js:870:11)
    at TCP.onread (net.js:552:26)
[2016-06-22 15:05:33.367] [ERROR] 中转请求 - JSON解析失败
[2016-06-22 15:15:32.341] [ERROR] 中转请求 - JSON解析失败
[2016-06-22 15:15:44.553] [ERROR] 中转请求 - JSON解析失败
[2016-06-22 15:16:23.480] [ERROR] 中转请求 - JSON解析失败
[2016-06-22 15:16:35.349] [ERROR] 中转请求 - JSON解析失败
[2016-06-22 15:18:03.010] [ERROR] 中转请求 - JSON解析失败
[2016-06-22 15:19:18.876] [ERROR] 中转请求 - JSON解析失败
[2016-06-22 15:21:41.910] [ERROR] 中转请求 - JSON解析失败
[2016-06-22 15:21:46.016] [ERROR] 中转请求 - JSON解析失败
[2016-06-22 15:21:50.630] [ERROR] 中转请求 - JSON解析失败
[2016-06-22 15:22:54.324] [ERROR] 中转请求 - JSON解析失败
[2016-06-22 15:29:03.691] [ERROR] 中转请求 - JSON解析失败
[2016-06-22 15:29:07.771] [ERROR] 中转请求 - JSON解析失败
[2016-06-22 15:29:22.327] [ERROR] 中转请求 - JSON解析失败
[2016-06-22 15:29:47.311] [ERROR] 中转请求 - JSON解析失败
[2016-06-22 15:31:29.345] [ERROR] 中转请求 - JSON解析失败
[2016-06-22 15:31:35.841] [ERROR] 中转请求 - JSON解析失败
[2016-06-22 15:33:58.792] [ERROR] 中转请求 - JSON解析失败
[2016-06-22 15:34:02.014] [ERROR] 中转请求 - JSON解析失败
[2016-06-22 15:34:05.338] [ERROR] 中转请求 - JSON解析失败
[2016-06-22 15:34:12.735] [ERROR] 中转请求 - JSON解析失败
[2016-06-22 15:35:46.744] [ERROR] 中转请求 - JSON解析失败
[2016-06-22 15:36:39.265] [ERROR] 中转请求 - JSON解析失败
[2016-06-22 15:48:19.976] [ERROR] 中转请求 - { [Error: connect ECONNREFUSED 127.0.0.1:80]
  code: 'ECONNREFUSED',
  errno: 'ECONNREFUSED',
  syscall: 'connect',
  address: '127.0.0.1',
  port: 80 }
Error: connect ECONNREFUSED 127.0.0.1:80
    at Object.exports._errnoException (util.js:870:11)
    at exports._exceptionWithHostPort (util.js:893:20)
    at TCPConnectWrap.afterConnect [as oncomplete] (net.js:1061:14)
[2016-06-22 17:06:55.044] [ERROR] app - 服务器错误: { [Error: Failed to lookup view "common/docking_list" in views directory "/Users/mac/Desktop/back_service/public/dev/html"]
  view: 
   View {
     defaultEngine: 'jade',
     ext: '.jade',
     name: 'common/docking_list',
     root: '/Users/mac/Desktop/back_service/public/dev/html',
     engine: [Function],
     path: undefined } }
Error: Failed to lookup view "common/docking_list" in views directory "/Users/mac/Desktop/back_service/public/dev/html"
    at EventEmitter.render (/Users/mac/Desktop/back_service/node_modules/express/lib/application.js:579:17)
    at ServerResponse.render (/Users/mac/Desktop/back_service/node_modules/express/lib/response.js:961:7)
    at /Users/mac/Desktop/back_service/routes/page.js:34:17
    at Layer.handle [as handle_request] (/Users/mac/Desktop/back_service/node_modules/express/lib/router/layer.js:95:5)
    at next (/Users/mac/Desktop/back_service/node_modules/express/lib/router/route.js:131:13)
    at Route.dispatch (/Users/mac/Desktop/back_service/node_modules/express/lib/router/route.js:112:3)
    at Layer.handle [as handle_request] (/Users/mac/Desktop/back_service/node_modules/express/lib/router/layer.js:95:5)
    at /Users/mac/Desktop/back_service/node_modules/express/lib/router/index.js:277:22
    at Function.process_params (/Users/mac/Desktop/back_service/node_modules/express/lib/router/index.js:330:12)
    at next (/Users/mac/Desktop/back_service/node_modules/express/lib/router/index.js:271:10)
[2016-06-22 17:06:55.067] [ERROR] http - ::ffff:192.168.1.114 - - "GET /page/docking_list HTTP/1.1" 500 1720 "http://192.168.1.114:9211/page/business" "Mozilla/5.0 (Macintosh; Intel Mac OS X 10_11_5) AppleWebKit/537.36 (KHTML, like Gecko) Chrome/50.0.2661.102 Safari/537.36"
[2016-06-22 17:07:05.651] [ERROR] app - 服务器错误: { [Error: Failed to lookup view "common/docking_list" in views directory "/Users/mac/Desktop/back_service/public/dev/html"]
  view: 
   View {
     defaultEngine: 'jade',
     ext: '.jade',
     name: 'common/docking_list',
     root: '/Users/mac/Desktop/back_service/public/dev/html',
     engine: [Function],
     path: undefined } }
Error: Failed to lookup view "common/docking_list" in views directory "/Users/mac/Desktop/back_service/public/dev/html"
    at EventEmitter.render (/Users/mac/Desktop/back_service/node_modules/express/lib/application.js:579:17)
    at ServerResponse.render (/Users/mac/Desktop/back_service/node_modules/express/lib/response.js:961:7)
    at /Users/mac/Desktop/back_service/routes/page.js:34:17
    at Layer.handle [as handle_request] (/Users/mac/Desktop/back_service/node_modules/express/lib/router/layer.js:95:5)
    at next (/Users/mac/Desktop/back_service/node_modules/express/lib/router/route.js:131:13)
    at Route.dispatch (/Users/mac/Desktop/back_service/node_modules/express/lib/router/route.js:112:3)
    at Layer.handle [as handle_request] (/Users/mac/Desktop/back_service/node_modules/express/lib/router/layer.js:95:5)
    at /Users/mac/Desktop/back_service/node_modules/express/lib/router/index.js:277:22
    at Function.process_params (/Users/mac/Desktop/back_service/node_modules/express/lib/router/index.js:330:12)
    at next (/Users/mac/Desktop/back_service/node_modules/express/lib/router/index.js:271:10)
[2016-06-22 17:07:05.666] [ERROR] http - ::ffff:192.168.1.114 - - "GET /page/docking_list HTTP/1.1" 500 1720 "http://192.168.1.114:9211/page/business" "Mozilla/5.0 (Macintosh; Intel Mac OS X 10_11_5) AppleWebKit/537.36 (KHTML, like Gecko) Chrome/50.0.2661.102 Safari/537.36"
[2016-06-22 17:21:06.901] [ERROR] app - 服务器错误: { [Error: Failed to lookup view "report/guest_user_report" in views directory "/Users/mac/Desktop/back_service/public/dev/html"]
  view: 
   View {
     defaultEngine: 'jade',
     ext: '.jade',
     name: 'report/guest_user_report',
     root: '/Users/mac/Desktop/back_service/public/dev/html',
     engine: [Function],
     path: undefined } }
Error: Failed to lookup view "report/guest_user_report" in views directory "/Users/mac/Desktop/back_service/public/dev/html"
    at EventEmitter.render (/Users/mac/Desktop/back_service/node_modules/express/lib/application.js:579:17)
    at ServerResponse.render (/Users/mac/Desktop/back_service/node_modules/express/lib/response.js:961:7)
    at /Users/mac/Desktop/back_service/routes/page.js:43:21
    at Layer.handle [as handle_request] (/Users/mac/Desktop/back_service/node_modules/express/lib/router/layer.js:95:5)
    at next (/Users/mac/Desktop/back_service/node_modules/express/lib/router/route.js:131:13)
    at Route.dispatch (/Users/mac/Desktop/back_service/node_modules/express/lib/router/route.js:112:3)
    at Layer.handle [as handle_request] (/Users/mac/Desktop/back_service/node_modules/express/lib/router/layer.js:95:5)
    at /Users/mac/Desktop/back_service/node_modules/express/lib/router/index.js:277:22
    at Function.process_params (/Users/mac/Desktop/back_service/node_modules/express/lib/router/index.js:330:12)
    at next (/Users/mac/Desktop/back_service/node_modules/express/lib/router/index.js:271:10)
[2016-06-22 17:21:06.955] [ERROR] http - ::ffff:192.168.1.114 - - "GET /page/guest_user_report HTTP/1.1" 500 1720 "http://192.168.1.114:9211/page/guest_user" "Mozilla/5.0 (Macintosh; Intel Mac OS X 10_11_5) AppleWebKit/537.36 (KHTML, like Gecko) Chrome/50.0.2661.102 Safari/537.36"
[2016-06-22 17:40:25.423] [ERROR] app - 服务器错误: { [Error: Failed to lookup view "common/push" in views directory "/Users/mac/Desktop/back_service/public/dev/html"]
  view: 
   View {
     defaultEngine: 'jade',
     ext: '.jade',
     name: 'common/push',
     root: '/Users/mac/Desktop/back_service/public/dev/html',
     engine: [Function],
     path: undefined } }
Error: Failed to lookup view "common/push" in views directory "/Users/mac/Desktop/back_service/public/dev/html"
    at EventEmitter.render (/Users/mac/Desktop/back_service/node_modules/express/lib/application.js:579:17)
    at ServerResponse.render (/Users/mac/Desktop/back_service/node_modules/express/lib/response.js:961:7)
    at /Users/mac/Desktop/back_service/routes/page.js:34:17
    at Layer.handle [as handle_request] (/Users/mac/Desktop/back_service/node_modules/express/lib/router/layer.js:95:5)
    at next (/Users/mac/Desktop/back_service/node_modules/express/lib/router/route.js:131:13)
    at Route.dispatch (/Users/mac/Desktop/back_service/node_modules/express/lib/router/route.js:112:3)
    at Layer.handle [as handle_request] (/Users/mac/Desktop/back_service/node_modules/express/lib/router/layer.js:95:5)
    at /Users/mac/Desktop/back_service/node_modules/express/lib/router/index.js:277:22
    at Function.process_params (/Users/mac/Desktop/back_service/node_modules/express/lib/router/index.js:330:12)
    at next (/Users/mac/Desktop/back_service/node_modules/express/lib/router/index.js:271:10)
[2016-06-22 17:40:25.445] [ERROR] http - ::ffff:192.168.1.114 - - "GET /page/push HTTP/1.1" 500 1720 "http://192.168.1.114:9211/page/task" "Mozilla/5.0 (Macintosh; Intel Mac OS X 10_11_5) AppleWebKit/537.36 (KHTML, like Gecko) Chrome/50.0.2661.102 Safari/537.36"
[2016-06-22 18:11:40.726] [ERROR] app - 服务器错误: [TypeError: transReq.post is not a function]
TypeError: transReq.post is not a function
    at /Users/mac/Desktop/back_service/routes/business.js:21:14
    at Layer.handle [as handle_request] (/Users/mac/Desktop/back_service/node_modules/express/lib/router/layer.js:95:5)
    at next (/Users/mac/Desktop/back_service/node_modules/express/lib/router/route.js:131:13)
    at Route.dispatch (/Users/mac/Desktop/back_service/node_modules/express/lib/router/route.js:112:3)
    at Layer.handle [as handle_request] (/Users/mac/Desktop/back_service/node_modules/express/lib/router/layer.js:95:5)
    at /Users/mac/Desktop/back_service/node_modules/express/lib/router/index.js:277:22
    at Function.process_params (/Users/mac/Desktop/back_service/node_modules/express/lib/router/index.js:330:12)
    at next (/Users/mac/Desktop/back_service/node_modules/express/lib/router/index.js:271:10)
    at Function.handle (/Users/mac/Desktop/back_service/node_modules/express/lib/router/index.js:176:3)
    at router (/Users/mac/Desktop/back_service/node_modules/express/lib/router/index.js:46:12)
[2016-06-22 18:11:40.753] [ERROR] http - ::ffff:192.168.1.114 - - "POST /business/insert HTTP/1.1" 500 1720 "http://192.168.1.114:9211/page/business" "Mozilla/5.0 (Macintosh; Intel Mac OS X 10_11_5) AppleWebKit/537.36 (KHTML, like Gecko) Chrome/50.0.2661.102 Safari/537.36"
[2016-06-23 09:25:15.770] [ERROR] 中转请求 - JSON解析失败
[2016-06-23 09:28:34.916] [ERROR] 中转请求 - { [Error: getaddrinfo ENOTFOUND 192.168.1.114:9211 192.168.1.114:9211:80]
  code: 'ENOTFOUND',
  errno: 'ENOTFOUND',
  syscall: 'getaddrinfo',
  hostname: '192.168.1.114:9211',
  host: '192.168.1.114:9211',
  port: 80 }
Error: getaddrinfo ENOTFOUND 192.168.1.114:9211 192.168.1.114:9211:80
    at errnoException (dns.js:27:10)
    at GetAddrInfoReqWrap.onlookup [as oncomplete] (dns.js:78:26)
[2016-06-23 10:19:13.806] [ERROR] 中转请求 - JSON解析失败
[2016-06-23 10:24:11.410] [ERROR] 中转请求 - JSON解析失败
[2016-06-23 13:40:36.141] [ERROR] 中转请求 - JSON解析失败
[2016-06-23 13:57:12.537] [ERROR] 中转请求 - JSON解析失败
[2016-06-23 15:09:18.532] [ERROR] 中转请求 - JSON解析失败
[2016-06-23 15:10:32.509] [ERROR] 中转请求 - JSON解析失败
[2016-06-23 15:14:39.222] [ERROR] 中转请求 - JSON解析失败
[2016-06-23 15:21:22.536] [ERROR] 中转请求 - JSON解析失败
[2016-06-23 17:16:54.037] [ERROR] 中转请求 - { [Error: getaddrinfo ENOTFOUND es2.laizhuan.com es2.laizhuan.com:80]
  code: 'ENOTFOUND',
  errno: 'ENOTFOUND',
  syscall: 'getaddrinfo',
  hostname: 'es2.laizhuan.com',
  host: 'es2.laizhuan.com',
  port: 80 }
Error: getaddrinfo ENOTFOUND es2.laizhuan.com es2.laizhuan.com:80
    at errnoException (dns.js:27:10)
    at GetAddrInfoReqWrap.onlookup [as oncomplete] (dns.js:78:26)
[2016-06-23 17:17:49.228] [ERROR] 中转请求 - { [Error: getaddrinfo ENOTFOUND es2.laizhuan.com es2.laizhuan.com:80]
  code: 'ENOTFOUND',
  errno: 'ENOTFOUND',
  syscall: 'getaddrinfo',
  hostname: 'es2.laizhuan.com',
  host: 'es2.laizhuan.com',
  port: 80 }
Error: getaddrinfo ENOTFOUND es2.laizhuan.com es2.laizhuan.com:80
    at errnoException (dns.js:27:10)
    at GetAddrInfoReqWrap.onlookup [as oncomplete] (dns.js:78:26)
